{"C:\\Projects\\goit-node-hw\\app.js": {"path":"C:\\Projects\\goit-node-hw\\app.js","statementMap":{"0":{"start":{"line":1,"column":16},"end":{"line":1,"column":34}},"1":{"start":{"line":2,"column":15},"end":{"line":2,"column":32}},"2":{"start":{"line":3,"column":13},"end":{"line":3,"column":28}},"3":{"start":{"line":4,"column":29},"end":{"line":4,"column":59}},"4":{"start":{"line":6,"column":23},"end":{"line":6,"column":55}},"5":{"start":{"line":7,"column":19},"end":{"line":7,"column":48}},"6":{"start":{"line":9,"column":12},"end":{"line":9,"column":21}},"7":{"start":{"line":10,"column":0},"end":{"line":10,"column":15}},"8":{"start":{"line":11,"column":0},"end":{"line":11,"column":23}},"9":{"start":{"line":13,"column":0},"end":{"line":13,"column":41}},"10":{"start":{"line":15,"column":22},"end":{"line":15,"column":72}},"11":{"start":{"line":16,"column":0},"end":{"line":16,"column":30}},"12":{"start":{"line":18,"column":0},"end":{"line":18,"column":40}},"13":{"start":{"line":19,"column":0},"end":{"line":19,"column":33}},"14":{"start":{"line":21,"column":0},"end":{"line":23,"column":2}},"15":{"start":{"line":22,"column":4},"end":{"line":22,"column":54}},"16":{"start":{"line":25,"column":0},"end":{"line":30,"column":2}},"17":{"start":{"line":26,"column":4},"end":{"line":28,"column":5}},"18":{"start":{"line":27,"column":8},"end":{"line":27,"column":40}},"19":{"start":{"line":29,"column":4},"end":{"line":29,"column":50}},"20":{"start":{"line":32,"column":0},"end":{"line":32,"column":20}}},"fnMap":{"0":{"name":"(anonymous_0)","decl":{"start":{"line":21,"column":8},"end":{"line":21,"column":9}},"loc":{"start":{"line":21,"column":22},"end":{"line":23,"column":1}},"line":21},"1":{"name":"(anonymous_1)","decl":{"start":{"line":25,"column":8},"end":{"line":25,"column":9}},"loc":{"start":{"line":25,"column":33},"end":{"line":30,"column":1}},"line":25}},"branchMap":{"0":{"loc":{"start":{"line":15,"column":22},"end":{"line":15,"column":72}},"type":"cond-expr","locations":[{"start":{"line":15,"column":57},"end":{"line":15,"column":62}},{"start":{"line":15,"column":65},"end":{"line":15,"column":72}}],"line":15},"1":{"loc":{"start":{"line":26,"column":4},"end":{"line":28,"column":5}},"type":"if","locations":[{"start":{"line":26,"column":4},"end":{"line":28,"column":5}},{"start":{"line":26,"column":4},"end":{"line":28,"column":5}}],"line":26}},"s":{"0":1,"1":1,"2":1,"3":1,"4":1,"5":1,"6":1,"7":1,"8":1,"9":1,"10":1,"11":1,"12":1,"13":1,"14":1,"15":0,"16":1,"17":5,"18":5,"19":0,"20":1},"f":{"0":0,"1":5},"b":{"0":[0,1],"1":[5,0]},"_coverageSchema":"1a1c01bbd47fc00a2c39e90264f33305004495a9","hash":"191636100a55e52d9597956e3e6f088dc32929c1"}
,"C:\\Projects\\goit-node-hw\\config\\passport.js": {"path":"C:\\Projects\\goit-node-hw\\config\\passport.js","statementMap":{"0":{"start":{"line":1,"column":17},"end":{"line":1,"column":36}},"1":{"start":{"line":2,"column":33},"end":{"line":2,"column":56}},"2":{"start":{"line":3,"column":14},"end":{"line":3,"column":39}},"3":{"start":{"line":4,"column":0},"end":{"line":4,"column":26}},"4":{"start":{"line":6,"column":19},"end":{"line":6,"column":41}},"5":{"start":{"line":8,"column":15},"end":{"line":11,"column":1}},"6":{"start":{"line":13,"column":0},"end":{"line":28,"column":1}},"7":{"start":{"line":15,"column":8},"end":{"line":26,"column":9}},"8":{"start":{"line":16,"column":25},"end":{"line":16,"column":57}},"9":{"start":{"line":17,"column":12},"end":{"line":19,"column":13}},"10":{"start":{"line":18,"column":16},"end":{"line":18,"column":56}},"11":{"start":{"line":20,"column":12},"end":{"line":22,"column":13}},"12":{"start":{"line":21,"column":16},"end":{"line":21,"column":40}},"13":{"start":{"line":23,"column":12},"end":{"line":23,"column":35}},"14":{"start":{"line":25,"column":12},"end":{"line":25,"column":21}}},"fnMap":{"0":{"name":"(anonymous_0)","decl":{"start":{"line":14,"column":25},"end":{"line":14,"column":26}},"loc":{"start":{"line":14,"column":50},"end":{"line":27,"column":5}},"line":14}},"branchMap":{"0":{"loc":{"start":{"line":17,"column":12},"end":{"line":19,"column":13}},"type":"if","locations":[{"start":{"line":17,"column":12},"end":{"line":19,"column":13}},{"start":{"line":17,"column":12},"end":{"line":19,"column":13}}],"line":17},"1":{"loc":{"start":{"line":20,"column":12},"end":{"line":22,"column":13}},"type":"if","locations":[{"start":{"line":20,"column":12},"end":{"line":22,"column":13}},{"start":{"line":20,"column":12},"end":{"line":22,"column":13}}],"line":20}},"s":{"0":1,"1":1,"2":1,"3":1,"4":1,"5":1,"6":1,"7":14,"8":14,"9":14,"10":0,"11":14,"12":0,"13":14,"14":0},"f":{"0":14},"b":{"0":[0,14],"1":[0,14]},"_coverageSchema":"1a1c01bbd47fc00a2c39e90264f33305004495a9","hash":"6651ec1f12cf56b7326ef85c97c37793e13ad28b"}
,"C:\\Projects\\goit-node-hw\\controllers\\contacts.js": {"path":"C:\\Projects\\goit-node-hw\\controllers\\contacts.js","statementMap":{"0":{"start":{"line":1,"column":17},"end":{"line":1,"column":45}},"1":{"start":{"line":3,"column":15},"end":{"line":15,"column":1}},"2":{"start":{"line":4,"column":4},"end":{"line":14,"column":5}},"3":{"start":{"line":5,"column":23},"end":{"line":5,"column":34}},"4":{"start":{"line":6,"column":21},"end":{"line":6,"column":61}},"5":{"start":{"line":7,"column":8},"end":{"line":11,"column":10}},"6":{"start":{"line":13,"column":8},"end":{"line":13,"column":15}},"7":{"start":{"line":17,"column":16},"end":{"line":46,"column":1}},"8":{"start":{"line":18,"column":4},"end":{"line":45,"column":5}},"9":{"start":{"line":19,"column":23},"end":{"line":19,"column":34}},"10":{"start":{"line":20,"column":26},"end":{"line":20,"column":46}},"11":{"start":{"line":21,"column":24},"end":{"line":21,"column":65}},"12":{"start":{"line":23,"column":8},"end":{"line":35,"column":9}},"13":{"start":{"line":24,"column":12},"end":{"line":28,"column":14}},"14":{"start":{"line":30,"column":12},"end":{"line":34,"column":14}},"15":{"start":{"line":37,"column":8},"end":{"line":43,"column":9}},"16":{"start":{"line":38,"column":12},"end":{"line":42,"column":14}},"17":{"start":{"line":44,"column":8},"end":{"line":44,"column":15}},"18":{"start":{"line":48,"column":12},"end":{"line":60,"column":1}},"19":{"start":{"line":49,"column":4},"end":{"line":59,"column":5}},"20":{"start":{"line":50,"column":23},"end":{"line":50,"column":34}},"21":{"start":{"line":51,"column":24},"end":{"line":51,"column":74}},"22":{"start":{"line":52,"column":8},"end":{"line":56,"column":10}},"23":{"start":{"line":58,"column":8},"end":{"line":58,"column":15}},"24":{"start":{"line":62,"column":15},"end":{"line":75,"column":1}},"25":{"start":{"line":63,"column":4},"end":{"line":74,"column":5}},"26":{"start":{"line":64,"column":26},"end":{"line":64,"column":46}},"27":{"start":{"line":65,"column":25},"end":{"line":65,"column":57}},"28":{"start":{"line":67,"column":8},"end":{"line":69,"column":9}},"29":{"start":{"line":68,"column":12},"end":{"line":68,"column":71}},"30":{"start":{"line":71,"column":8},"end":{"line":71,"column":61}},"31":{"start":{"line":73,"column":8},"end":{"line":73,"column":15}},"32":{"start":{"line":77,"column":15},"end":{"line":95,"column":1}},"33":{"start":{"line":78,"column":4},"end":{"line":94,"column":5}},"34":{"start":{"line":79,"column":26},"end":{"line":79,"column":46}},"35":{"start":{"line":80,"column":23},"end":{"line":80,"column":34}},"36":{"start":{"line":82,"column":21},"end":{"line":82,"column":71}},"37":{"start":{"line":83,"column":8},"end":{"line":89,"column":9}},"38":{"start":{"line":84,"column":12},"end":{"line":88,"column":14}},"39":{"start":{"line":91,"column":8},"end":{"line":91,"column":61}},"40":{"start":{"line":93,"column":8},"end":{"line":93,"column":15}},"41":{"start":{"line":97,"column":0},"end":{"line":103,"column":1}}},"fnMap":{"0":{"name":"(anonymous_0)","decl":{"start":{"line":3,"column":15},"end":{"line":3,"column":16}},"loc":{"start":{"line":3,"column":41},"end":{"line":15,"column":1}},"line":3},"1":{"name":"(anonymous_1)","decl":{"start":{"line":17,"column":16},"end":{"line":17,"column":17}},"loc":{"start":{"line":17,"column":42},"end":{"line":46,"column":1}},"line":17},"2":{"name":"(anonymous_2)","decl":{"start":{"line":48,"column":12},"end":{"line":48,"column":13}},"loc":{"start":{"line":48,"column":38},"end":{"line":60,"column":1}},"line":48},"3":{"name":"(anonymous_3)","decl":{"start":{"line":62,"column":15},"end":{"line":62,"column":16}},"loc":{"start":{"line":62,"column":41},"end":{"line":75,"column":1}},"line":62},"4":{"name":"(anonymous_4)","decl":{"start":{"line":77,"column":15},"end":{"line":77,"column":16}},"loc":{"start":{"line":77,"column":41},"end":{"line":95,"column":1}},"line":77}},"branchMap":{"0":{"loc":{"start":{"line":23,"column":8},"end":{"line":35,"column":9}},"type":"if","locations":[{"start":{"line":23,"column":8},"end":{"line":35,"column":9}},{"start":{"line":23,"column":8},"end":{"line":35,"column":9}}],"line":23},"1":{"loc":{"start":{"line":37,"column":8},"end":{"line":43,"column":9}},"type":"if","locations":[{"start":{"line":37,"column":8},"end":{"line":43,"column":9}},{"start":{"line":37,"column":8},"end":{"line":43,"column":9}}],"line":37},"2":{"loc":{"start":{"line":67,"column":8},"end":{"line":69,"column":9}},"type":"if","locations":[{"start":{"line":67,"column":8},"end":{"line":69,"column":9}},{"start":{"line":67,"column":8},"end":{"line":69,"column":9}}],"line":67},"3":{"loc":{"start":{"line":83,"column":8},"end":{"line":89,"column":9}},"type":"if","locations":[{"start":{"line":83,"column":8},"end":{"line":89,"column":9}},{"start":{"line":83,"column":8},"end":{"line":89,"column":9}}],"line":83}},"s":{"0":1,"1":1,"2":1,"3":1,"4":1,"5":1,"6":0,"7":1,"8":3,"9":3,"10":3,"11":3,"12":3,"13":1,"14":2,"15":0,"16":0,"17":0,"18":1,"19":1,"20":1,"21":1,"22":1,"23":0,"24":1,"25":2,"26":2,"27":2,"28":2,"29":1,"30":1,"31":0,"32":1,"33":2,"34":2,"35":2,"36":2,"37":2,"38":1,"39":1,"40":0,"41":1},"f":{"0":1,"1":3,"2":1,"3":2,"4":2},"b":{"0":[1,2],"1":[0,0],"2":[1,1],"3":[1,1]},"_coverageSchema":"1a1c01bbd47fc00a2c39e90264f33305004495a9","hash":"539916653488a4009e03db81c5d666ff196e3721"}
,"C:\\Projects\\goit-node-hw\\controllers\\users.js": {"path":"C:\\Projects\\goit-node-hw\\controllers\\users.js","statementMap":{"0":{"start":{"line":1,"column":12},"end":{"line":1,"column":35}},"1":{"start":{"line":2,"column":14},"end":{"line":2,"column":39}},"2":{"start":{"line":3,"column":21},"end":{"line":3,"column":52}},"3":{"start":{"line":4,"column":21},"end":{"line":4,"column":55}},"4":{"start":{"line":6,"column":0},"end":{"line":6,"column":26}},"5":{"start":{"line":7,"column":19},"end":{"line":7,"column":41}},"6":{"start":{"line":9,"column":12},"end":{"line":37,"column":1}},"7":{"start":{"line":10,"column":4},"end":{"line":36,"column":5}},"8":{"start":{"line":11,"column":26},"end":{"line":11,"column":34}},"9":{"start":{"line":12,"column":21},"end":{"line":12,"column":51}},"10":{"start":{"line":14,"column":8},"end":{"line":21,"column":9}},"11":{"start":{"line":15,"column":12},"end":{"line":20,"column":14}},"12":{"start":{"line":23,"column":44},"end":{"line":23,"column":72}},"13":{"start":{"line":24,"column":8},"end":{"line":33,"column":10}},"14":{"start":{"line":35,"column":8},"end":{"line":35,"column":15}},"15":{"start":{"line":39,"column":14},"end":{"line":70,"column":1}},"16":{"start":{"line":40,"column":4},"end":{"line":69,"column":5}},"17":{"start":{"line":41,"column":36},"end":{"line":41,"column":44}},"18":{"start":{"line":42,"column":21},"end":{"line":42,"column":51}},"19":{"start":{"line":43,"column":32},"end":{"line":43,"column":67}},"20":{"start":{"line":44,"column":8},"end":{"line":51,"column":9}},"21":{"start":{"line":45,"column":12},"end":{"line":50,"column":14}},"22":{"start":{"line":52,"column":19},"end":{"line":52,"column":27}},"23":{"start":{"line":53,"column":24},"end":{"line":53,"column":30}},"24":{"start":{"line":54,"column":22},"end":{"line":54,"column":72}},"25":{"start":{"line":55,"column":8},"end":{"line":55,"column":42}},"26":{"start":{"line":56,"column":41},"end":{"line":56,"column":45}},"27":{"start":{"line":57,"column":8},"end":{"line":66,"column":10}},"28":{"start":{"line":68,"column":8},"end":{"line":68,"column":15}},"29":{"start":{"line":72,"column":15},"end":{"line":76,"column":1}},"30":{"start":{"line":73,"column":15},"end":{"line":73,"column":26}},"31":{"start":{"line":74,"column":4},"end":{"line":74,"column":37}},"32":{"start":{"line":75,"column":4},"end":{"line":75,"column":49}},"33":{"start":{"line":78,"column":16},"end":{"line":86,"column":1}},"34":{"start":{"line":79,"column":18},"end":{"line":79,"column":51}},"35":{"start":{"line":80,"column":44},"end":{"line":80,"column":74}},"36":{"start":{"line":81,"column":4},"end":{"line":85,"column":6}},"37":{"start":{"line":88,"column":15},"end":{"line":114,"column":1}},"38":{"start":{"line":89,"column":4},"end":{"line":113,"column":5}},"39":{"start":{"line":90,"column":19},"end":{"line":90,"column":30}},"40":{"start":{"line":101,"column":12},"end":{"line":101,"column":53}},"41":{"start":{"line":103,"column":8},"end":{"line":103,"column":59}},"42":{"start":{"line":104,"column":8},"end":{"line":110,"column":10}},"43":{"start":{"line":112,"column":8},"end":{"line":112,"column":15}},"44":{"start":{"line":116,"column":0},"end":{"line":116,"column":56}}},"fnMap":{"0":{"name":"(anonymous_0)","decl":{"start":{"line":9,"column":12},"end":{"line":9,"column":13}},"loc":{"start":{"line":9,"column":38},"end":{"line":37,"column":1}},"line":9},"1":{"name":"(anonymous_1)","decl":{"start":{"line":39,"column":14},"end":{"line":39,"column":15}},"loc":{"start":{"line":39,"column":40},"end":{"line":70,"column":1}},"line":39},"2":{"name":"(anonymous_2)","decl":{"start":{"line":72,"column":15},"end":{"line":72,"column":16}},"loc":{"start":{"line":72,"column":41},"end":{"line":76,"column":1}},"line":72},"3":{"name":"(anonymous_3)","decl":{"start":{"line":78,"column":16},"end":{"line":78,"column":17}},"loc":{"start":{"line":78,"column":42},"end":{"line":86,"column":1}},"line":78},"4":{"name":"(anonymous_4)","decl":{"start":{"line":88,"column":15},"end":{"line":88,"column":16}},"loc":{"start":{"line":88,"column":41},"end":{"line":114,"column":1}},"line":88}},"branchMap":{"0":{"loc":{"start":{"line":14,"column":8},"end":{"line":21,"column":9}},"type":"if","locations":[{"start":{"line":14,"column":8},"end":{"line":21,"column":9}},{"start":{"line":14,"column":8},"end":{"line":21,"column":9}}],"line":14},"1":{"loc":{"start":{"line":44,"column":8},"end":{"line":51,"column":9}},"type":"if","locations":[{"start":{"line":44,"column":8},"end":{"line":51,"column":9}},{"start":{"line":44,"column":8},"end":{"line":51,"column":9}}],"line":44},"2":{"loc":{"start":{"line":44,"column":12},"end":{"line":44,"column":37}},"type":"binary-expr","locations":[{"start":{"line":44,"column":12},"end":{"line":44,"column":17}},{"start":{"line":44,"column":21},"end":{"line":44,"column":37}}],"line":44}},"s":{"0":1,"1":1,"2":1,"3":1,"4":1,"5":1,"6":1,"7":0,"8":0,"9":0,"10":0,"11":0,"12":0,"13":0,"14":0,"15":1,"16":0,"17":0,"18":0,"19":0,"20":0,"21":0,"22":0,"23":0,"24":0,"25":0,"26":0,"27":0,"28":0,"29":1,"30":0,"31":0,"32":0,"33":1,"34":0,"35":0,"36":0,"37":1,"38":0,"39":0,"40":0,"41":0,"42":0,"43":0,"44":1},"f":{"0":0,"1":0,"2":0,"3":0,"4":0},"b":{"0":[0,0],"1":[0,0],"2":[0,0]},"_coverageSchema":"1a1c01bbd47fc00a2c39e90264f33305004495a9","hash":"5f1036fceefc26b6fb1f8b644b18bf9bdae066ed"}
,"C:\\Projects\\goit-node-hw\\helpers\\Constants.js": {"path":"C:\\Projects\\goit-node-hw\\helpers\\Constants.js","statementMap":{"0":{"start":{"line":1,"column":13},"end":{"line":1,"column":28}},"1":{"start":{"line":3,"column":21},"end":{"line":7,"column":1}},"2":{"start":{"line":9,"column":17},"end":{"line":18,"column":1}},"3":{"start":{"line":20,"column":22},"end":{"line":20,"column":30}},"4":{"start":{"line":21,"column":29},"end":{"line":21,"column":37}},"5":{"start":{"line":22,"column":25},"end":{"line":26,"column":1}},"6":{"start":{"line":27,"column":22},"end":{"line":27,"column":31}},"7":{"start":{"line":29,"column":0},"end":{"line":36,"column":1}}},"fnMap":{},"branchMap":{},"s":{"0":1,"1":1,"2":1,"3":1,"4":1,"5":1,"6":1,"7":1},"f":{},"b":{},"_coverageSchema":"1a1c01bbd47fc00a2c39e90264f33305004495a9","hash":"a3a4aae2e38d1ed4b8c1d691a4ecf6f99266d368"}
,"C:\\Projects\\goit-node-hw\\helpers\\cloudinary.js": {"path":"C:\\Projects\\goit-node-hw\\helpers\\cloudinary.js","statementMap":{"0":{"start":{"line":1,"column":22},"end":{"line":1,"column":37}},"1":{"start":{"line":2,"column":19},"end":{"line":2,"column":43}},"2":{"start":{"line":3,"column":0},"end":{"line":3,"column":26}},"3":{"start":{"line":5,"column":0},"end":{"line":9,"column":2}},"4":{"start":{"line":11,"column":20},"end":{"line":11,"column":57}},"5":{"start":{"line":12,"column":0},"end":{"line":12,"column":32}}},"fnMap":{},"branchMap":{},"s":{"0":1,"1":1,"2":1,"3":1,"4":1,"5":1},"f":{},"b":{},"_coverageSchema":"1a1c01bbd47fc00a2c39e90264f33305004495a9","hash":"d4b5047dc626206531b979118fdef919c5e222f8"}
,"C:\\Projects\\goit-node-hw\\helpers\\guard.js": {"path":"C:\\Projects\\goit-node-hw\\helpers\\guard.js","statementMap":{"0":{"start":{"line":1,"column":17},"end":{"line":1,"column":36}},"1":{"start":{"line":2,"column":0},"end":{"line":2,"column":29}},"2":{"start":{"line":3,"column":21},"end":{"line":3,"column":43}},"3":{"start":{"line":5,"column":14},"end":{"line":26,"column":1}},"4":{"start":{"line":6,"column":4},"end":{"line":12,"column":5}},"5":{"start":{"line":7,"column":8},"end":{"line":11,"column":10}},"6":{"start":{"line":13,"column":4},"end":{"line":25,"column":22}},"7":{"start":{"line":14,"column":22},"end":{"line":14,"column":61}},"8":{"start":{"line":15,"column":8},"end":{"line":22,"column":9}},"9":{"start":{"line":16,"column":12},"end":{"line":21,"column":14}},"10":{"start":{"line":23,"column":8},"end":{"line":23,"column":23}},"11":{"start":{"line":24,"column":8},"end":{"line":24,"column":21}},"12":{"start":{"line":44,"column":0},"end":{"line":44,"column":22}}},"fnMap":{"0":{"name":"(anonymous_0)","decl":{"start":{"line":5,"column":14},"end":{"line":5,"column":15}},"loc":{"start":{"line":5,"column":34},"end":{"line":26,"column":1}},"line":5},"1":{"name":"(anonymous_1)","decl":{"start":{"line":13,"column":53},"end":{"line":13,"column":54}},"loc":{"start":{"line":13,"column":68},"end":{"line":25,"column":5}},"line":13}},"branchMap":{"0":{"loc":{"start":{"line":6,"column":4},"end":{"line":12,"column":5}},"type":"if","locations":[{"start":{"line":6,"column":4},"end":{"line":12,"column":5}},{"start":{"line":6,"column":4},"end":{"line":12,"column":5}}],"line":6},"1":{"loc":{"start":{"line":15,"column":8},"end":{"line":22,"column":9}},"type":"if","locations":[{"start":{"line":15,"column":8},"end":{"line":22,"column":9}},{"start":{"line":15,"column":8},"end":{"line":22,"column":9}}],"line":15},"2":{"loc":{"start":{"line":15,"column":12},"end":{"line":15,"column":48}},"type":"binary-expr","locations":[{"start":{"line":15,"column":12},"end":{"line":15,"column":17}},{"start":{"line":15,"column":21},"end":{"line":15,"column":24}},{"start":{"line":15,"column":28},"end":{"line":15,"column":48}}],"line":15}},"s":{"0":1,"1":1,"2":1,"3":1,"4":14,"5":0,"6":14,"7":14,"8":14,"9":0,"10":14,"11":14,"12":1},"f":{"0":14,"1":14},"b":{"0":[0,14],"1":[0,14],"2":[14,14,14]},"_coverageSchema":"1a1c01bbd47fc00a2c39e90264f33305004495a9","hash":"360acd3f0ccfb814e0c8eebe4e411877af995bfb"}
,"C:\\Projects\\goit-node-hw\\helpers\\handleAvatar.js": {"path":"C:\\Projects\\goit-node-hw\\helpers\\handleAvatar.js","statementMap":{"0":{"start":{"line":1,"column":29},"end":{"line":1,"column":60}},"1":{"start":{"line":2,"column":11},"end":{"line":2,"column":33}},"2":{"start":{"line":3,"column":24},"end":{"line":3,"column":47}},"3":{"start":{"line":4,"column":19},"end":{"line":4,"column":43}},"4":{"start":{"line":5,"column":13},"end":{"line":5,"column":28}},"5":{"start":{"line":6,"column":13},"end":{"line":6,"column":28}},"6":{"start":{"line":7,"column":28},"end":{"line":7,"column":58}},"7":{"start":{"line":9,"column":0},"end":{"line":35,"column":1}},"8":{"start":{"line":10,"column":15},"end":{"line":10,"column":26}},"9":{"start":{"line":11,"column":23},"end":{"line":11,"column":36}},"10":{"start":{"line":12,"column":24},"end":{"line":12,"column":64}},"11":{"start":{"line":14,"column":16},"end":{"line":14,"column":43}},"12":{"start":{"line":15,"column":4},"end":{"line":21,"column":31}},"13":{"start":{"line":23,"column":4},"end":{"line":23,"column":62}},"14":{"start":{"line":25,"column":4},"end":{"line":25,"column":77}},"15":{"start":{"line":27,"column":22},"end":{"line":27,"column":66}},"16":{"start":{"line":29,"column":4},"end":{"line":33,"column":5}},"17":{"start":{"line":30,"column":8},"end":{"line":30,"column":69}},"18":{"start":{"line":32,"column":8},"end":{"line":32,"column":30}},"19":{"start":{"line":34,"column":4},"end":{"line":34,"column":20}},"20":{"start":{"line":37,"column":0},"end":{"line":53,"column":1}},"21":{"start":{"line":38,"column":21},"end":{"line":38,"column":34}},"22":{"start":{"line":39,"column":19},"end":{"line":42,"column":6}},"23":{"start":{"line":44,"column":4},"end":{"line":46,"column":6}},"24":{"start":{"line":45,"column":8},"end":{"line":45,"column":32}},"25":{"start":{"line":47,"column":4},"end":{"line":51,"column":5}},"26":{"start":{"line":48,"column":8},"end":{"line":48,"column":33}},"27":{"start":{"line":50,"column":8},"end":{"line":50,"column":38}},"28":{"start":{"line":52,"column":4},"end":{"line":52,"column":17}}},"fnMap":{"0":{"name":"(anonymous_0)","decl":{"start":{"line":9,"column":36},"end":{"line":9,"column":37}},"loc":{"start":{"line":9,"column":49},"end":{"line":35,"column":1}},"line":9},"1":{"name":"(anonymous_1)","decl":{"start":{"line":37,"column":35},"end":{"line":37,"column":36}},"loc":{"start":{"line":37,"column":48},"end":{"line":53,"column":1}},"line":37},"2":{"name":"(anonymous_2)","decl":{"start":{"line":44,"column":53},"end":{"line":44,"column":54}},"loc":{"start":{"line":44,"column":70},"end":{"line":46,"column":5}},"line":44}},"branchMap":{},"s":{"0":1,"1":1,"2":1,"3":1,"4":1,"5":1,"6":1,"7":1,"8":0,"9":0,"10":0,"11":0,"12":0,"13":0,"14":0,"15":0,"16":0,"17":0,"18":0,"19":0,"20":1,"21":0,"22":0,"23":0,"24":0,"25":0,"26":0,"27":0,"28":0},"f":{"0":0,"1":0,"2":0},"b":{},"_coverageSchema":"1a1c01bbd47fc00a2c39e90264f33305004495a9","hash":"a8e44755b45cff9547caf2e6329a45b9b8e42b49"}
,"C:\\Projects\\goit-node-hw\\helpers\\upload.js": {"path":"C:\\Projects\\goit-node-hw\\helpers\\upload.js","statementMap":{"0":{"start":{"line":1,"column":15},"end":{"line":1,"column":32}},"1":{"start":{"line":2,"column":13},"end":{"line":2,"column":28}},"2":{"start":{"line":3,"column":26},"end":{"line":3,"column":48}},"3":{"start":{"line":5,"column":24},"end":{"line":5,"column":63}},"4":{"start":{"line":7,"column":16},"end":{"line":14,"column":2}},"5":{"start":{"line":9,"column":8},"end":{"line":9,"column":33}},"6":{"start":{"line":12,"column":8},"end":{"line":12,"column":35}},"7":{"start":{"line":16,"column":15},"end":{"line":26,"column":2}},"8":{"start":{"line":20,"column":8},"end":{"line":23,"column":9}},"9":{"start":{"line":21,"column":12},"end":{"line":21,"column":26}},"10":{"start":{"line":22,"column":12},"end":{"line":22,"column":18}},"11":{"start":{"line":24,"column":8},"end":{"line":24,"column":23}},"12":{"start":{"line":28,"column":0},"end":{"line":28,"column":23}}},"fnMap":{"0":{"name":"(anonymous_0)","decl":{"start":{"line":8,"column":17},"end":{"line":8,"column":18}},"loc":{"start":{"line":8,"column":42},"end":{"line":10,"column":5}},"line":8},"1":{"name":"(anonymous_1)","decl":{"start":{"line":11,"column":14},"end":{"line":11,"column":15}},"loc":{"start":{"line":11,"column":39},"end":{"line":13,"column":5}},"line":11},"2":{"name":"(anonymous_2)","decl":{"start":{"line":19,"column":16},"end":{"line":19,"column":17}},"loc":{"start":{"line":19,"column":35},"end":{"line":25,"column":5}},"line":19}},"branchMap":{"0":{"loc":{"start":{"line":20,"column":8},"end":{"line":23,"column":9}},"type":"if","locations":[{"start":{"line":20,"column":8},"end":{"line":23,"column":9}},{"start":{"line":20,"column":8},"end":{"line":23,"column":9}}],"line":20}},"s":{"0":1,"1":1,"2":1,"3":1,"4":1,"5":0,"6":0,"7":1,"8":0,"9":0,"10":0,"11":0,"12":1},"f":{"0":0,"1":0,"2":0},"b":{"0":[0,0]},"_coverageSchema":"1a1c01bbd47fc00a2c39e90264f33305004495a9","hash":"3ec87521bcfffacde102fa621b5fb99fc04418dc"}
,"C:\\Projects\\goit-node-hw\\routes\\api\\contacts\\index.js": {"path":"C:\\Projects\\goit-node-hw\\routes\\api\\contacts\\index.js","statementMap":{"0":{"start":{"line":1,"column":16},"end":{"line":1,"column":34}},"1":{"start":{"line":2,"column":15},"end":{"line":2,"column":31}},"2":{"start":{"line":3,"column":17},"end":{"line":3,"column":57}},"3":{"start":{"line":4,"column":24},"end":{"line":4,"column":45}},"4":{"start":{"line":5,"column":14},"end":{"line":5,"column":47}},"5":{"start":{"line":7,"column":0},"end":{"line":9,"column":63}},"6":{"start":{"line":11,"column":0},"end":{"line":14,"column":80}},"7":{"start":{"line":16,"column":0},"end":{"line":16,"column":23}}},"fnMap":{},"branchMap":{},"s":{"0":1,"1":1,"2":1,"3":1,"4":1,"5":1,"6":1,"7":1},"f":{},"b":{},"_coverageSchema":"1a1c01bbd47fc00a2c39e90264f33305004495a9","hash":"97d54cc19e7659450a4b6674f87a8ef81dcbe511"}
,"C:\\Projects\\goit-node-hw\\routes\\api\\contacts\\validate.js": {"path":"C:\\Projects\\goit-node-hw\\routes\\api\\contacts\\validate.js","statementMap":{"0":{"start":{"line":1,"column":12},"end":{"line":1,"column":26}},"1":{"start":{"line":3,"column":25},"end":{"line":10,"column":2}},"2":{"start":{"line":12,"column":28},"end":{"line":19,"column":2}},"3":{"start":{"line":21,"column":17},"end":{"line":31,"column":1}},"4":{"start":{"line":22,"column":22},"end":{"line":22,"column":42}},"5":{"start":{"line":23,"column":4},"end":{"line":29,"column":5}},"6":{"start":{"line":24,"column":30},"end":{"line":24,"column":43}},"7":{"start":{"line":25,"column":8},"end":{"line":28,"column":10}},"8":{"start":{"line":30,"column":4},"end":{"line":30,"column":10}},"9":{"start":{"line":33,"column":0},"end":{"line":35,"column":1}},"10":{"start":{"line":34,"column":4},"end":{"line":34,"column":53}},"11":{"start":{"line":37,"column":0},"end":{"line":39,"column":1}},"12":{"start":{"line":38,"column":4},"end":{"line":38,"column":56}}},"fnMap":{"0":{"name":"(anonymous_0)","decl":{"start":{"line":21,"column":17},"end":{"line":21,"column":18}},"loc":{"start":{"line":21,"column":40},"end":{"line":31,"column":1}},"line":21},"1":{"name":"(anonymous_1)","decl":{"start":{"line":33,"column":28},"end":{"line":33,"column":29}},"loc":{"start":{"line":33,"column":48},"end":{"line":35,"column":1}},"line":33},"2":{"name":"(anonymous_2)","decl":{"start":{"line":37,"column":31},"end":{"line":37,"column":32}},"loc":{"start":{"line":37,"column":51},"end":{"line":39,"column":1}},"line":37}},"branchMap":{"0":{"loc":{"start":{"line":23,"column":4},"end":{"line":29,"column":5}},"type":"if","locations":[{"start":{"line":23,"column":4},"end":{"line":29,"column":5}},{"start":{"line":23,"column":4},"end":{"line":29,"column":5}}],"line":23}},"s":{"0":1,"1":1,"2":1,"3":1,"4":8,"5":8,"6":5,"7":5,"8":3,"9":1,"10":5,"11":1,"12":3},"f":{"0":8,"1":5,"2":3},"b":{"0":[5,3]},"_coverageSchema":"1a1c01bbd47fc00a2c39e90264f33305004495a9","hash":"83d2897dc4a40096011a5d4eb9c7677742b0763e"}
,"C:\\Projects\\goit-node-hw\\routes\\api\\users\\index.js": {"path":"C:\\Projects\\goit-node-hw\\routes\\api\\users\\index.js","statementMap":{"0":{"start":{"line":1,"column":16},"end":{"line":1,"column":34}},"1":{"start":{"line":2,"column":15},"end":{"line":2,"column":31}},"2":{"start":{"line":3,"column":21},"end":{"line":3,"column":42}},"3":{"start":{"line":5,"column":23},"end":{"line":5,"column":60}},"4":{"start":{"line":6,"column":14},"end":{"line":6,"column":47}},"5":{"start":{"line":7,"column":15},"end":{"line":7,"column":49}},"6":{"start":{"line":9,"column":0},"end":{"line":13,"column":1}},"7":{"start":{"line":14,"column":0},"end":{"line":14,"column":77}},"8":{"start":{"line":15,"column":0},"end":{"line":15,"column":52}},"9":{"start":{"line":16,"column":0},"end":{"line":16,"column":53}},"10":{"start":{"line":17,"column":0},"end":{"line":21,"column":1}},"11":{"start":{"line":23,"column":0},"end":{"line":23,"column":23}}},"fnMap":{},"branchMap":{},"s":{"0":1,"1":1,"2":1,"3":1,"4":1,"5":1,"6":1,"7":1,"8":1,"9":1,"10":1,"11":1},"f":{},"b":{},"_coverageSchema":"1a1c01bbd47fc00a2c39e90264f33305004495a9","hash":"450dabc02d1677dfac87b4a073338470c2ea766b"}
,"C:\\Projects\\goit-node-hw\\routes\\api\\users\\validate.js": {"path":"C:\\Projects\\goit-node-hw\\routes\\api\\users\\validate.js","statementMap":{"0":{"start":{"line":1,"column":12},"end":{"line":1,"column":26}},"1":{"start":{"line":2,"column":21},"end":{"line":2,"column":58}},"2":{"start":{"line":4,"column":27},"end":{"line":7,"column":2}},"3":{"start":{"line":9,"column":21},"end":{"line":18,"column":1}},"4":{"start":{"line":10,"column":22},"end":{"line":10,"column":42}},"5":{"start":{"line":11,"column":4},"end":{"line":16,"column":5}},"6":{"start":{"line":12,"column":8},"end":{"line":15,"column":10}},"7":{"start":{"line":17,"column":4},"end":{"line":17,"column":10}},"8":{"start":{"line":20,"column":29},"end":{"line":30,"column":1}},"9":{"start":{"line":21,"column":22},"end":{"line":21,"column":42}},"10":{"start":{"line":22,"column":4},"end":{"line":28,"column":5}},"11":{"start":{"line":23,"column":30},"end":{"line":23,"column":43}},"12":{"start":{"line":24,"column":8},"end":{"line":27,"column":10}},"13":{"start":{"line":29,"column":4},"end":{"line":29,"column":10}},"14":{"start":{"line":32,"column":0},"end":{"line":42,"column":1}},"15":{"start":{"line":33,"column":4},"end":{"line":40,"column":5}},"16":{"start":{"line":34,"column":8},"end":{"line":39,"column":10}},"17":{"start":{"line":41,"column":4},"end":{"line":41,"column":10}},"18":{"start":{"line":44,"column":0},"end":{"line":46,"column":1}},"19":{"start":{"line":45,"column":4},"end":{"line":45,"column":59}},"20":{"start":{"line":47,"column":0},"end":{"line":49,"column":1}},"21":{"start":{"line":48,"column":4},"end":{"line":48,"column":67}},"22":{"start":{"line":51,"column":0},"end":{"line":53,"column":1}},"23":{"start":{"line":52,"column":4},"end":{"line":52,"column":67}}},"fnMap":{"0":{"name":"(anonymous_0)","decl":{"start":{"line":9,"column":21},"end":{"line":9,"column":22}},"loc":{"start":{"line":9,"column":44},"end":{"line":18,"column":1}},"line":9},"1":{"name":"(anonymous_1)","decl":{"start":{"line":20,"column":29},"end":{"line":20,"column":30}},"loc":{"start":{"line":20,"column":52},"end":{"line":30,"column":1}},"line":20},"2":{"name":"(anonymous_2)","decl":{"start":{"line":32,"column":38},"end":{"line":32,"column":39}},"loc":{"start":{"line":32,"column":58},"end":{"line":42,"column":1}},"line":32},"3":{"name":"(anonymous_3)","decl":{"start":{"line":44,"column":37},"end":{"line":44,"column":38}},"loc":{"start":{"line":44,"column":57},"end":{"line":46,"column":1}},"line":44},"4":{"name":"(anonymous_4)","decl":{"start":{"line":47,"column":38},"end":{"line":47,"column":39}},"loc":{"start":{"line":47,"column":58},"end":{"line":49,"column":1}},"line":47},"5":{"name":"(anonymous_5)","decl":{"start":{"line":51,"column":38},"end":{"line":51,"column":39}},"loc":{"start":{"line":51,"column":58},"end":{"line":53,"column":1}},"line":51}},"branchMap":{"0":{"loc":{"start":{"line":11,"column":4},"end":{"line":16,"column":5}},"type":"if","locations":[{"start":{"line":11,"column":4},"end":{"line":16,"column":5}},{"start":{"line":11,"column":4},"end":{"line":16,"column":5}}],"line":11},"1":{"loc":{"start":{"line":22,"column":4},"end":{"line":28,"column":5}},"type":"if","locations":[{"start":{"line":22,"column":4},"end":{"line":28,"column":5}},{"start":{"line":22,"column":4},"end":{"line":28,"column":5}}],"line":22},"2":{"loc":{"start":{"line":33,"column":4},"end":{"line":40,"column":5}},"type":"if","locations":[{"start":{"line":33,"column":4},"end":{"line":40,"column":5}},{"start":{"line":33,"column":4},"end":{"line":40,"column":5}}],"line":33}},"s":{"0":1,"1":1,"2":1,"3":1,"4":0,"5":0,"6":0,"7":0,"8":1,"9":0,"10":0,"11":0,"12":0,"13":0,"14":1,"15":0,"16":0,"17":0,"18":1,"19":0,"20":1,"21":0,"22":1,"23":0},"f":{"0":0,"1":0,"2":0,"3":0,"4":0,"5":0},"b":{"0":[0,0],"1":[0,0],"2":[0,0]},"_coverageSchema":"1a1c01bbd47fc00a2c39e90264f33305004495a9","hash":"f921c0721f95b32a8102c0a6fd0c18767c498c14"}
,"C:\\Projects\\goit-node-hw\\utils\\create-dir.js": {"path":"C:\\Projects\\goit-node-hw\\utils\\create-dir.js","statementMap":{"0":{"start":{"line":1,"column":11},"end":{"line":1,"column":33}},"1":{"start":{"line":3,"column":21},"end":{"line":8,"column":1}},"2":{"start":{"line":4,"column":4},"end":{"line":7,"column":27}},"3":{"start":{"line":6,"column":20},"end":{"line":6,"column":24}},"4":{"start":{"line":7,"column":21},"end":{"line":7,"column":26}},"5":{"start":{"line":10,"column":28},"end":{"line":14,"column":1}},"6":{"start":{"line":11,"column":4},"end":{"line":13,"column":5}},"7":{"start":{"line":12,"column":8},"end":{"line":12,"column":30}},"8":{"start":{"line":16,"column":0},"end":{"line":16,"column":36}}},"fnMap":{"0":{"name":"(anonymous_0)","decl":{"start":{"line":3,"column":21},"end":{"line":3,"column":22}},"loc":{"start":{"line":3,"column":29},"end":{"line":8,"column":1}},"line":3},"1":{"name":"(anonymous_1)","decl":{"start":{"line":6,"column":14},"end":{"line":6,"column":15}},"loc":{"start":{"line":6,"column":20},"end":{"line":6,"column":24}},"line":6},"2":{"name":"(anonymous_2)","decl":{"start":{"line":7,"column":15},"end":{"line":7,"column":16}},"loc":{"start":{"line":7,"column":21},"end":{"line":7,"column":26}},"line":7},"3":{"name":"(anonymous_3)","decl":{"start":{"line":10,"column":28},"end":{"line":10,"column":29}},"loc":{"start":{"line":10,"column":44},"end":{"line":14,"column":1}},"line":10}},"branchMap":{"0":{"loc":{"start":{"line":11,"column":4},"end":{"line":13,"column":5}},"type":"if","locations":[{"start":{"line":11,"column":4},"end":{"line":13,"column":5}},{"start":{"line":11,"column":4},"end":{"line":13,"column":5}}],"line":11}},"s":{"0":1,"1":1,"2":0,"3":0,"4":0,"5":1,"6":0,"7":0,"8":1},"f":{"0":0,"1":0,"2":0,"3":0},"b":{"0":[0,0]},"_coverageSchema":"1a1c01bbd47fc00a2c39e90264f33305004495a9","hash":"f087ebcacf596bd7f1feb5b4eeec5c0ee8495093"}
,"C:\\Projects\\goit-node-hw\\utils\\getFakeToken.js": {"path":"C:\\Projects\\goit-node-hw\\utils\\getFakeToken.js","statementMap":{"0":{"start":{"line":1,"column":0},"end":{"line":1,"column":24}},"1":{"start":{"line":2,"column":12},"end":{"line":2,"column":35}},"2":{"start":{"line":3,"column":18},"end":{"line":3,"column":40}},"3":{"start":{"line":4,"column":17},"end":{"line":4,"column":51}},"4":{"start":{"line":6,"column":0},"end":{"line":10,"column":1}},"5":{"start":{"line":7,"column":23},"end":{"line":7,"column":50}},"6":{"start":{"line":8,"column":4},"end":{"line":8,"column":27}},"7":{"start":{"line":9,"column":4},"end":{"line":9,"column":21}}},"fnMap":{"0":{"name":"(anonymous_0)","decl":{"start":{"line":6,"column":30},"end":{"line":6,"column":31}},"loc":{"start":{"line":6,"column":36},"end":{"line":10,"column":1}},"line":6}},"branchMap":{},"s":{"0":1,"1":1,"2":1,"3":1,"4":1,"5":1,"6":1,"7":1},"f":{"0":1},"b":{},"_coverageSchema":"1a1c01bbd47fc00a2c39e90264f33305004495a9","hash":"b86a6e4c5c7e1b4f7e5696880b70d0f91211dcb7"}
}
