TN:
SF:app.js
FN:21,(anonymous_0)
FN:25,(anonymous_1)
FNF:2
FNH:1
FNDA:0,(anonymous_0)
FNDA:5,(anonymous_1)
DA:1,1
DA:2,1
DA:3,1
DA:4,1
DA:6,1
DA:7,1
DA:9,1
DA:10,1
DA:11,1
DA:13,1
DA:15,1
DA:16,1
DA:18,1
DA:19,1
DA:21,1
DA:22,0
DA:25,1
DA:26,5
DA:27,5
DA:29,0
DA:32,1
LF:21
LH:19
BRDA:15,0,0,0
BRDA:15,0,1,1
BRDA:26,1,0,5
BRDA:26,1,1,0
BRF:4
BRH:2
end_of_record
TN:
SF:config\passport.js
FN:14,(anonymous_0)
FNF:1
FNH:1
FNDA:14,(anonymous_0)
DA:1,1
DA:2,1
DA:3,1
DA:4,1
DA:6,1
DA:8,1
DA:13,1
DA:15,14
DA:16,14
DA:17,14
DA:18,0
DA:20,14
DA:21,0
DA:23,14
DA:25,0
LF:15
LH:12
BRDA:17,0,0,0
BRDA:17,0,1,14
BRDA:20,1,0,0
BRDA:20,1,1,14
BRF:4
BRH:2
end_of_record
TN:
SF:controllers\contacts.js
FN:3,(anonymous_0)
FN:17,(anonymous_1)
FN:48,(anonymous_2)
FN:62,(anonymous_3)
FN:77,(anonymous_4)
FNF:5
FNH:5
FNDA:1,(anonymous_0)
FNDA:3,(anonymous_1)
FNDA:1,(anonymous_2)
FNDA:2,(anonymous_3)
FNDA:2,(anonymous_4)
DA:1,1
DA:3,1
DA:4,1
DA:5,1
DA:6,1
DA:7,1
DA:13,0
DA:17,1
DA:18,3
DA:19,3
DA:20,3
DA:21,3
DA:23,3
DA:24,1
DA:30,2
DA:37,0
DA:38,0
DA:44,0
DA:48,1
DA:49,1
DA:50,1
DA:51,1
DA:52,1
DA:58,0
DA:62,1
DA:63,2
DA:64,2
DA:65,2
DA:67,2
DA:68,1
DA:71,1
DA:73,0
DA:77,1
DA:78,2
DA:79,2
DA:80,2
DA:82,2
DA:83,2
DA:84,1
DA:91,1
DA:93,0
DA:97,1
LF:42
LH:35
BRDA:23,0,0,1
BRDA:23,0,1,2
BRDA:37,1,0,0
BRDA:37,1,1,0
BRDA:67,2,0,1
BRDA:67,2,1,1
BRDA:83,3,0,1
BRDA:83,3,1,1
BRF:8
BRH:6
end_of_record
TN:
SF:controllers\users.js
FN:9,(anonymous_0)
FN:39,(anonymous_1)
FN:72,(anonymous_2)
FN:78,(anonymous_3)
FN:88,(anonymous_4)
FNF:5
FNH:0
FNDA:0,(anonymous_0)
FNDA:0,(anonymous_1)
FNDA:0,(anonymous_2)
FNDA:0,(anonymous_3)
FNDA:0,(anonymous_4)
DA:1,1
DA:2,1
DA:3,1
DA:4,1
DA:6,1
DA:7,1
DA:9,1
DA:10,0
DA:11,0
DA:12,0
DA:14,0
DA:15,0
DA:23,0
DA:24,0
DA:35,0
DA:39,1
DA:40,0
DA:41,0
DA:42,0
DA:43,0
DA:44,0
DA:45,0
DA:52,0
DA:53,0
DA:54,0
DA:55,0
DA:56,0
DA:57,0
DA:68,0
DA:72,1
DA:73,0
DA:74,0
DA:75,0
DA:78,1
DA:79,0
DA:80,0
DA:81,0
DA:88,1
DA:89,0
DA:90,0
DA:101,0
DA:103,0
DA:104,0
DA:112,0
DA:116,1
LF:45
LH:12
BRDA:14,0,0,0
BRDA:14,0,1,0
BRDA:44,1,0,0
BRDA:44,1,1,0
BRDA:44,2,0,0
BRDA:44,2,1,0
BRF:6
BRH:0
end_of_record
TN:
SF:helpers\Constants.js
FNF:0
FNH:0
DA:1,1
DA:3,1
DA:9,1
DA:20,1
DA:21,1
DA:22,1
DA:27,1
DA:29,1
LF:8
LH:8
BRF:0
BRH:0
end_of_record
TN:
SF:helpers\cloudinary.js
FNF:0
FNH:0
DA:1,1
DA:2,1
DA:3,1
DA:5,1
DA:11,1
DA:12,1
LF:6
LH:6
BRF:0
BRH:0
end_of_record
TN:
SF:helpers\guard.js
FN:5,(anonymous_0)
FN:13,(anonymous_1)
FNF:2
FNH:2
FNDA:14,(anonymous_0)
FNDA:14,(anonymous_1)
DA:1,1
DA:2,1
DA:3,1
DA:5,1
DA:6,14
DA:7,0
DA:13,14
DA:14,14
DA:15,14
DA:16,0
DA:23,14
DA:24,14
DA:44,1
LF:13
LH:11
BRDA:6,0,0,0
BRDA:6,0,1,14
BRDA:15,1,0,0
BRDA:15,1,1,14
BRDA:15,2,0,14
BRDA:15,2,1,14
BRDA:15,2,2,14
BRF:7
BRH:5
end_of_record
TN:
SF:helpers\handleAvatar.js
FN:9,(anonymous_0)
FN:37,(anonymous_1)
FN:44,(anonymous_2)
FNF:3
FNH:0
FNDA:0,(anonymous_0)
FNDA:0,(anonymous_1)
FNDA:0,(anonymous_2)
DA:1,1
DA:2,1
DA:3,1
DA:4,1
DA:5,1
DA:6,1
DA:7,1
DA:9,1
DA:10,0
DA:11,0
DA:12,0
DA:14,0
DA:15,0
DA:23,0
DA:25,0
DA:27,0
DA:29,0
DA:30,0
DA:32,0
DA:34,0
DA:37,1
DA:38,0
DA:39,0
DA:44,0
DA:45,0
DA:47,0
DA:48,0
DA:50,0
DA:52,0
LF:29
LH:9
BRF:0
BRH:0
end_of_record
TN:
SF:helpers\upload.js
FN:8,(anonymous_0)
FN:11,(anonymous_1)
FN:19,(anonymous_2)
FNF:3
FNH:0
FNDA:0,(anonymous_0)
FNDA:0,(anonymous_1)
FNDA:0,(anonymous_2)
DA:1,1
DA:2,1
DA:3,1
DA:5,1
DA:7,1
DA:9,0
DA:12,0
DA:16,1
DA:20,0
DA:21,0
DA:22,0
DA:24,0
DA:28,1
LF:13
LH:7
BRDA:20,0,0,0
BRDA:20,0,1,0
BRF:2
BRH:0
end_of_record
TN:
SF:routes\api\contacts\index.js
FNF:0
FNH:0
DA:1,1
DA:2,1
DA:3,1
DA:4,1
DA:5,1
DA:7,1
DA:11,1
DA:16,1
LF:8
LH:8
BRF:0
BRH:0
end_of_record
TN:
SF:routes\api\contacts\validate.js
FN:21,(anonymous_0)
FN:33,(anonymous_1)
FN:37,(anonymous_2)
FNF:3
FNH:3
FNDA:8,(anonymous_0)
FNDA:5,(anonymous_1)
FNDA:3,(anonymous_2)
DA:1,1
DA:3,1
DA:12,1
DA:21,1
DA:22,8
DA:23,8
DA:24,5
DA:25,5
DA:30,3
DA:33,1
DA:34,5
DA:37,1
DA:38,3
LF:13
LH:13
BRDA:23,0,0,5
BRDA:23,0,1,3
BRF:2
BRH:2
end_of_record
TN:
SF:routes\api\users\index.js
FNF:0
FNH:0
DA:1,1
DA:2,1
DA:3,1
DA:5,1
DA:6,1
DA:7,1
DA:9,1
DA:14,1
DA:15,1
DA:16,1
DA:17,1
DA:23,1
LF:12
LH:12
BRF:0
BRH:0
end_of_record
TN:
SF:routes\api\users\validate.js
FN:9,(anonymous_0)
FN:20,(anonymous_1)
FN:32,(anonymous_2)
FN:44,(anonymous_3)
FN:47,(anonymous_4)
FN:51,(anonymous_5)
FNF:6
FNH:0
FNDA:0,(anonymous_0)
FNDA:0,(anonymous_1)
FNDA:0,(anonymous_2)
FNDA:0,(anonymous_3)
FNDA:0,(anonymous_4)
FNDA:0,(anonymous_5)
DA:1,1
DA:2,1
DA:4,1
DA:9,1
DA:10,0
DA:11,0
DA:12,0
DA:17,0
DA:20,1
DA:21,0
DA:22,0
DA:23,0
DA:24,0
DA:29,0
DA:32,1
DA:33,0
DA:34,0
DA:41,0
DA:44,1
DA:45,0
DA:47,1
DA:48,0
DA:51,1
DA:52,0
LF:24
LH:9
BRDA:11,0,0,0
BRDA:11,0,1,0
BRDA:22,1,0,0
BRDA:22,1,1,0
BRDA:33,2,0,0
BRDA:33,2,1,0
BRF:6
BRH:0
end_of_record
TN:
SF:utils\create-dir.js
FN:3,(anonymous_0)
FN:6,(anonymous_1)
FN:7,(anonymous_2)
FN:10,(anonymous_3)
FNF:4
FNH:0
FNDA:0,(anonymous_0)
FNDA:0,(anonymous_1)
FNDA:0,(anonymous_2)
FNDA:0,(anonymous_3)
DA:1,1
DA:3,1
DA:4,0
DA:6,0
DA:7,0
DA:10,1
DA:11,0
DA:12,0
DA:16,1
LF:9
LH:4
BRDA:11,0,0,0
BRDA:11,0,1,0
BRF:2
BRH:0
end_of_record
TN:
SF:utils\getFakeToken.js
FN:6,(anonymous_0)
FNF:1
FNH:1
FNDA:1,(anonymous_0)
DA:1,1
DA:2,1
DA:3,1
DA:4,1
DA:6,1
DA:7,1
DA:8,1
DA:9,1
LF:8
LH:8
BRF:0
BRH:0
end_of_record
