TN:
SF:app.js
FN:21,(anonymous_0)
FN:25,(anonymous_1)
FNF:2
FNH:1
FNDA:0,(anonymous_0)
FNDA:7,(anonymous_1)
DA:1,2
DA:2,2
DA:3,2
DA:4,2
DA:6,2
DA:7,2
DA:9,2
DA:10,2
DA:11,2
DA:13,2
DA:15,2
DA:16,2
DA:18,2
DA:19,2
DA:21,2
DA:22,0
DA:25,2
DA:26,7
DA:27,7
DA:29,0
DA:32,2
LF:21
LH:19
BRDA:15,0,0,0
BRDA:15,0,1,2
BRDA:26,1,0,7
BRDA:26,1,1,0
BRF:4
BRH:2
end_of_record
TN:
SF:config\passport.js
FN:14,(anonymous_0)
FNF:1
FNH:1
FNDA:16,(anonymous_0)
DA:1,2
DA:2,2
DA:3,2
DA:4,2
DA:6,2
DA:8,2
DA:13,2
DA:15,16
DA:16,16
DA:17,16
DA:18,0
DA:20,16
DA:21,0
DA:23,16
DA:25,0
LF:15
LH:12
BRDA:17,0,0,0
BRDA:17,0,1,16
BRDA:20,1,0,0
BRDA:20,1,1,16
BRF:4
BRH:2
end_of_record
TN:
SF:controllers\contacts.js
FN:3,(anonymous_0)
FN:17,(anonymous_1)
FN:48,(anonymous_2)
FN:62,(anonymous_3)
FN:77,(anonymous_4)
FNF:5
FNH:5
FNDA:1,(anonymous_0)
FNDA:3,(anonymous_1)
FNDA:1,(anonymous_2)
FNDA:2,(anonymous_3)
FNDA:2,(anonymous_4)
DA:1,2
DA:3,2
DA:4,1
DA:5,1
DA:6,1
DA:7,1
DA:13,0
DA:17,2
DA:18,3
DA:19,3
DA:20,3
DA:21,3
DA:23,3
DA:24,1
DA:30,2
DA:37,0
DA:38,0
DA:44,0
DA:48,2
DA:49,1
DA:50,1
DA:51,1
DA:52,1
DA:58,0
DA:62,2
DA:63,2
DA:64,2
DA:65,2
DA:67,2
DA:68,1
DA:71,1
DA:73,0
DA:77,2
DA:78,2
DA:79,2
DA:80,2
DA:82,2
DA:83,2
DA:84,1
DA:91,1
DA:93,0
DA:97,2
LF:42
LH:35
BRDA:23,0,0,1
BRDA:23,0,1,2
BRDA:37,1,0,0
BRDA:37,1,1,0
BRDA:67,2,0,1
BRDA:67,2,1,1
BRDA:83,3,0,1
BRDA:83,3,1,1
BRF:8
BRH:6
end_of_record
TN:
SF:controllers\users.js
FN:9,(anonymous_0)
FN:38,(anonymous_1)
FN:74,(anonymous_2)
FN:84,(anonymous_3)
FN:94,(anonymous_4)
FNF:5
FNH:4
FNDA:2,(anonymous_0)
FNDA:2,(anonymous_1)
FNDA:1,(anonymous_2)
FNDA:0,(anonymous_3)
FNDA:1,(anonymous_4)
DA:1,2
DA:2,2
DA:3,2
DA:4,2
DA:6,2
DA:7,2
DA:9,2
DA:10,2
DA:11,2
DA:12,2
DA:13,2
DA:14,1
DA:22,1
DA:23,1
DA:34,0
DA:38,2
DA:39,2
DA:40,2
DA:41,2
DA:42,2
DA:44,2
DA:45,1
DA:53,1
DA:54,1
DA:55,1
DA:56,1
DA:57,1
DA:59,1
DA:70,0
DA:74,2
DA:75,1
DA:76,1
DA:77,1
DA:78,1
DA:80,0
DA:84,2
DA:85,0
DA:86,0
DA:87,0
DA:94,2
DA:95,1
DA:96,1
DA:108,1
DA:110,1
DA:111,1
DA:119,0
DA:123,2
LF:47
LH:40
BRDA:13,0,0,1
BRDA:13,0,1,1
BRDA:44,1,0,1
BRDA:44,1,1,1
BRDA:44,2,0,2
BRDA:44,2,1,2
BRF:6
BRH:6
end_of_record
TN:
SF:helpers\Constants.js
FNF:0
FNH:0
DA:1,2
DA:3,2
DA:9,2
DA:20,2
DA:21,2
DA:22,2
DA:27,2
DA:29,2
LF:8
LH:8
BRF:0
BRH:0
end_of_record
TN:
SF:helpers\cloudinary.js
FNF:0
FNH:0
DA:1,1
DA:2,1
DA:3,1
DA:5,1
DA:11,1
DA:12,1
LF:6
LH:6
BRF:0
BRH:0
end_of_record
TN:
SF:helpers\guard.js
FN:5,(anonymous_0)
FN:13,(anonymous_1)
FNF:2
FNH:2
FNDA:18,(anonymous_0)
FNDA:17,(anonymous_1)
DA:1,2
DA:2,2
DA:3,2
DA:5,2
DA:6,18
DA:7,1
DA:13,17
DA:14,17
DA:15,17
DA:16,1
DA:23,16
DA:24,16
DA:44,2
LF:13
LH:13
BRDA:6,0,0,1
BRDA:6,0,1,17
BRDA:15,1,0,1
BRDA:15,1,1,16
BRDA:15,2,0,17
BRDA:15,2,1,16
BRDA:15,2,2,16
BRF:7
BRH:7
end_of_record
TN:
SF:helpers\handleAvatar.js
FN:37,(anonymous_0)
FN:44,(anonymous_1)
FNF:2
FNH:0
FNDA:0,(anonymous_0)
FNDA:0,(anonymous_1)
DA:1,1
DA:2,1
DA:3,1
DA:4,1
DA:5,1
DA:6,1
DA:7,1
DA:37,1
DA:38,0
DA:39,0
DA:44,0
DA:45,0
DA:47,0
DA:48,0
DA:50,0
DA:52,0
LF:16
LH:8
BRF:0
BRH:0
end_of_record
TN:
SF:helpers\upload.js
FN:8,(anonymous_0)
FN:11,(anonymous_1)
FN:19,(anonymous_2)
FNF:3
FNH:3
FNDA:1,(anonymous_0)
FNDA:1,(anonymous_1)
FNDA:1,(anonymous_2)
DA:1,2
DA:2,2
DA:3,2
DA:5,2
DA:7,2
DA:9,1
DA:12,1
DA:16,2
DA:20,1
DA:21,1
DA:22,1
DA:24,0
DA:28,2
LF:13
LH:12
BRDA:20,0,0,1
BRDA:20,0,1,0
BRF:2
BRH:1
end_of_record
TN:
SF:routes\api\contacts\index.js
FNF:0
FNH:0
DA:1,2
DA:2,2
DA:3,2
DA:4,2
DA:5,2
DA:7,2
DA:11,2
DA:16,2
LF:8
LH:8
BRF:0
BRH:0
end_of_record
TN:
SF:routes\api\contacts\validate.js
FN:21,(anonymous_0)
FN:33,(anonymous_1)
FN:37,(anonymous_2)
FNF:3
FNH:3
FNDA:8,(anonymous_0)
FNDA:5,(anonymous_1)
FNDA:3,(anonymous_2)
DA:1,2
DA:3,2
DA:12,2
DA:21,2
DA:22,8
DA:23,8
DA:24,5
DA:25,5
DA:30,3
DA:33,2
DA:34,5
DA:37,2
DA:38,3
LF:13
LH:13
BRDA:23,0,0,5
BRDA:23,0,1,3
BRF:2
BRH:2
end_of_record
TN:
SF:routes\api\users\index.js
FNF:0
FNH:0
DA:1,2
DA:2,2
DA:3,2
DA:5,2
DA:6,2
DA:7,2
DA:9,2
DA:14,2
DA:15,2
DA:16,2
DA:17,2
DA:23,2
LF:12
LH:12
BRF:0
BRH:0
end_of_record
TN:
SF:routes\api\users\validate.js
FN:9,(anonymous_0)
FN:20,(anonymous_1)
FN:32,(anonymous_2)
FN:44,(anonymous_3)
FN:47,(anonymous_4)
FN:51,(anonymous_5)
FNF:6
FNH:5
FNDA:3,(anonymous_0)
FNDA:3,(anonymous_1)
FNDA:1,(anonymous_2)
FNDA:3,(anonymous_3)
FNDA:0,(anonymous_4)
FNDA:3,(anonymous_5)
DA:1,2
DA:2,2
DA:4,2
DA:9,2
DA:10,3
DA:11,3
DA:12,1
DA:17,2
DA:20,2
DA:21,3
DA:22,3
DA:23,1
DA:24,1
DA:29,2
DA:32,2
DA:33,1
DA:34,0
DA:41,1
DA:44,2
DA:45,3
DA:47,2
DA:48,0
DA:51,2
DA:52,3
LF:24
LH:22
BRDA:11,0,0,1
BRDA:11,0,1,2
BRDA:22,1,0,1
BRDA:22,1,1,2
BRDA:33,2,0,0
BRDA:33,2,1,1
BRF:6
BRH:5
end_of_record
TN:
SF:utils\create-dir.js
FN:3,(anonymous_0)
FN:6,(anonymous_1)
FN:7,(anonymous_2)
FN:10,(anonymous_3)
FNF:4
FNH:4
FNDA:2,(anonymous_0)
FNDA:1,(anonymous_1)
FNDA:1,(anonymous_2)
FNDA:2,(anonymous_3)
DA:1,2
DA:3,2
DA:4,2
DA:6,1
DA:7,1
DA:10,2
DA:11,2
DA:12,1
DA:16,2
LF:9
LH:9
BRDA:11,0,0,1
BRDA:11,0,1,1
BRF:2
BRH:2
end_of_record
TN:
SF:utils\getFakeToken.js
FN:6,(anonymous_0)
FNF:1
FNH:1
FNDA:2,(anonymous_0)
DA:1,2
DA:2,2
DA:3,2
DA:4,2
DA:6,2
DA:7,2
DA:8,2
DA:9,2
LF:8
LH:8
BRF:0
BRH:0
end_of_record
